<?xml version="1.0" encoding="utf-8"?><testsuites name="pytest tests"><testsuite name="pytest" errors="0" failures="0" skipped="0" tests="16" time="6.358" timestamp="2026-05-28T17:29:15.734075+00:00" hostname="agent-env-ee19c8a2-bd66-45d5-bbce-4888306ce9f9"><testcase classname="backend.tests.test_certificates.TestVerifyPublic" name="test_existing_cert_public_no_auth" time="0.176" /><testcase classname="backend.tests.test_certificates.TestVerifyPublic" name="test_nonexistent_cert_returns_404" time="0.140" /><testcase classname="backend.tests.test_certificates.TestMyCerts" name="test_requires_auth" time="0.126" /><testcase classname="backend.tests.test_certificates.TestMyCerts" name="test_student_lists_certs_sorted" time="0.455" /><testcase classname="backend.tests.test_certificates.TestQuizCertIssuance" name="test_pass_quiz_returns_cert_id_and_is_listed" time="1.135" /><testcase classname="backend.tests.test_certificates.TestQuizCertIssuance" name="test_fail_quiz_no_cert" time="0.545" /><testcase classname="backend.tests.test_certificates.TestQuizCertIssuance" name="test_idempotent_quiz_resubmission" time="0.273" /><testcase classname="backend.tests.test_certificates.TestCourseCertIssuance" name="test_course_completion_issues_cert" time="1.037" /><testcase classname="backend.tests.test_certificates.TestCourseCertIssuance" name="test_course_progress_repeat_100_idempotent" time="1.181" /><testcase classname="backend.tests.test_certificates.TestReferrerCodeOnVerify" name="test_referrer_code_matches_first8_of_user_id" time="0.268" /><testcase classname="backend.tests.test_certificates.TestRegressions" name="test_login" time="0.351" /><testcase classname="backend.tests.test_certificates.TestRegressions" name="test_courses_list" time="0.109" /><testcase classname="backend.tests.test_certificates.TestRegressions" name="test_jobs_list" time="0.120" /><testcase classname="backend.tests.test_certificates.TestRegressions" name="test_gamification_me" time="0.109" /><testcase classname="backend.tests.test_certificates.TestRegressions" name="test_referrals_me" time="0.144" /><testcase classname="backend.tests.test_certificates.TestRegressions" name="test_referrals_leaderboard_public" time="0.112" /></testsuite></testsuites>