<?xml version="1.0" encoding="utf-8"?><testsuites name="pytest tests"><testsuite name="pytest" errors="0" failures="7" skipped="2" tests="107" time="64.405" timestamp="2026-05-28T17:04:53.306275+00:00" hostname="agent-env-ee19c8a2-bd66-45d5-bbce-4888306ce9f9"><testcase classname="backend.tests.backend_test.TestHealth" name="test_root" time="0.168" /><testcase classname="backend.tests.backend_test.TestHealth" name="test_health" time="0.135" /><testcase classname="backend.tests.backend_test.TestAuth" name="test_register_new_student" time="0.339" /><testcase classname="backend.tests.backend_test.TestAuth" name="test_register_invalid_role" time="0.110" /><testcase classname="backend.tests.backend_test.TestAuth" name="test_login_seeded_student" time="0.337" /><testcase classname="backend.tests.backend_test.TestAuth" name="test_login_bad" time="0.103" /><testcase classname="backend.tests.backend_test.TestAuth" name="test_me_requires_token" time="0.105" /><testcase classname="backend.tests.backend_test.TestAuth" name="test_me_with_token" time="0.102" /><testcase classname="backend.tests.backend_test.TestCourses" name="test_list_courses" time="0.106" /><testcase classname="backend.tests.backend_test.TestCourses" name="test_get_course_detail" time="0.126" /><testcase classname="backend.tests.backend_test.TestCourses" name="test_student_cannot_create_course" time="0.116" /><testcase classname="backend.tests.backend_test.TestCourses" name="test_trainer_can_create_course" time="0.451" /><testcase classname="backend.tests.backend_test.TestCourses" name="test_enroll_course" time="0.135" /><testcase classname="backend.tests.backend_test.TestCourses" name="test_my_enrolled" time="0.118" /><testcase classname="backend.tests.backend_test.TestCourses" name="test_list_reviews" time="0.124" /><testcase classname="backend.tests.backend_test.TestQuizzes" name="test_list_quizzes" time="0.107" /><testcase classname="backend.tests.backend_test.TestQuizzes" name="test_quiz_detail_hides_correct_index" time="0.116" /><testcase classname="backend.tests.backend_test.TestJobs" name="test_list_jobs" time="0.116" /><testcase classname="backend.tests.backend_test.TestJobs" name="test_job_filters" time="0.111" /><testcase classname="backend.tests.backend_test.TestJobs" name="test_job_detail" time="0.112" /><testcase classname="backend.tests.backend_test.TestJobs" name="test_recruiter_can_post_job" time="0.461" /><testcase classname="backend.tests.backend_test.TestJobs" name="test_student_cannot_post_job" time="0.115" /><testcase classname="backend.tests.backend_test.TestJobs" name="test_apply_to_job" time="0.119" /><testcase classname="backend.tests.backend_test.TestJobs" name="test_my_applications" time="0.363" /><testcase classname="backend.tests.backend_test.TestAI" name="test_ai_chat_doubt" time="2.265" /><testcase classname="backend.tests.backend_test.TestAI" name="test_ai_sessions" time="0.172" /><testcase classname="backend.tests.backend_test.TestChat" name="test_conversations_list" time="0.112" /><testcase classname="backend.tests.backend_test.TestNotifications" name="test_list" time="0.118" /><testcase classname="backend.tests.backend_test.TestNotifications" name="test_read_all" time="0.119" /><testcase classname="backend.tests.backend_test.TestPayments" name="test_packages" time="0.153" /><testcase classname="backend.tests.backend_test.TestPayments" name="test_checkout" time="0.571" /><testcase classname="backend.tests.backend_test.TestPayments" name="test_history" time="0.141" /><testcase classname="backend.tests.backend_test.TestAdmin" name="test_admin_users" time="0.449" /><testcase classname="backend.tests.backend_test.TestAdmin" name="test_admin_analytics" time="0.130" /><testcase classname="backend.tests.backend_test.TestAdmin" name="test_student_cannot_admin" time="0.120" /><testcase classname="backend.tests.backend_test.TestSuperAdmin" name="test_sa_login_wrong_secret_returns_404" time="0.165" /><testcase classname="backend.tests.backend_test.TestSuperAdmin" name="test_sa_login_wrong_password_returns_404" time="0.114" /><testcase classname="backend.tests.backend_test.TestSuperAdmin" name="test_sa_login_success" time="0.116"><failure message="AssertionError: {&quot;detail&quot;:&quot;Not found&quot;}&#10;assert 404 == 200&#10; +  where 404 = &lt;Response [404]&gt;.status_code">backend/tests/backend_test.py:335: in test_sa_login_success
    assert r.status_code == 200, r.text
E   AssertionError: {"detail":"Not found"}
E   assert 404 == 200
E    +  where 404 = &lt;Response [404]&gt;.status_code</failure></testcase><testcase classname="backend.tests.backend_test.TestSuperAdmin" name="test_sa_dashboard_with_headers" time="0.000"><skipped type="pytest.skip" message="no SA token">/app/backend/tests/backend_test.py:343: no SA token</skipped></testcase><testcase classname="backend.tests.backend_test.TestSuperAdmin" name="test_sa_dashboard_missing_headers_404" time="0.101" /><testcase classname="backend.tests.backend_test.TestSuperAdmin" name="test_sa_not_in_users_collection" time="0.028" /><testcase classname="backend.tests.test_phase2.TestUploads" name="test_upload_document_then_download" time="0.903" /><testcase classname="backend.tests.test_phase2.TestUploads" name="test_upload_requires_auth" time="0.105" /><testcase classname="backend.tests.test_phase2.TestUploads" name="test_download_unknown_id_404" time="0.117" /><testcase classname="backend.tests.test_phase2.TestUploads" name="test_my_files_list" time="0.106" /><testcase classname="backend.tests.test_phase2.TestCoding" name="test_languages" time="0.113" /><testcase classname="backend.tests.test_phase2.TestCoding" name="test_run_python_hello" time="0.148" /><testcase classname="backend.tests.test_phase2.TestCoding" name="test_run_javascript_hello" time="0.148" /><testcase classname="backend.tests.test_phase2.TestCoding" name="test_run_timeout_does_not_hang" time="5.120" /><testcase classname="backend.tests.test_phase2.TestCoding" name="test_list_challenges_has_three_seeded" time="0.149"><failure message="AssertionError: {'FizzBuzz'}&#10;assert False&#10; +  where False = any(&lt;generator object TestCoding.test_list_challenges_has_three_seeded.&lt;locals&gt;.&lt;genexpr&gt; at 0xf85c5af5cba0&gt;)">backend/tests/test_phase2.py:157: in test_list_challenges_has_three_seeded
    assert any("Two Sum" in t for t in titles), titles
E   AssertionError: {'FizzBuzz'}
E   assert False
E    +  where False = any(&lt;generator object TestCoding.test_list_challenges_has_three_seeded.&lt;locals&gt;.&lt;genexpr&gt; at 0xf85c5af5cba0&gt;)</failure></testcase><testcase classname="backend.tests.test_phase2.TestCoding" name="test_get_challenge_hides_expected_for_student" time="0.260" /><testcase classname="backend.tests.test_phase2.TestCoding" name="test_submit_fizzbuzz_python_solution" time="0.253"><failure message="AssertionError: {'challenge_id': '331598f1-4fad-4fcc-937f-57ca8bae7964', 'code': &quot;import sys&#10;  n=int(sys.stdin.read().strip())&#10;  out=[]&#10;  for i in range(1,n+1):&#10;      if i%15==0: out.append('FizzBuzz')&#10;      elif i%3==0: out.append('Fizz')&#10;      elif i%5==0: out.append('Buzz')&#10;      else: out.append(str(i))&#10;  print('\&#10;  '.join(out))&#10;  &quot;, 'id': '429c9348-6eb8-4154-ae91-ed71308f46fb', 'passed': 0, ...}&#10;assert 0 == 100">backend/tests/test_phase2.py:195: in test_submit_fizzbuzz_python_solution
    assert data["score"] == 100, data
E   AssertionError: {'challenge_id': '331598f1-4fad-4fcc-937f-57ca8bae7964', 'code': "import sys
E     n=int(sys.stdin.read().strip())
E     out=[]
E     for i in range(1,n+1):
E         if i%15==0: out.append('FizzBuzz')
E         elif i%3==0: out.append('Fizz')
E         elif i%5==0: out.append('Buzz')
E         else: out.append(str(i))
E     print('\
E     '.join(out))
E     ", 'id': '429c9348-6eb8-4154-ae91-ed71308f46fb', 'passed': 0, ...}
E   assert 0 == 100</failure></testcase><testcase classname="backend.tests.test_phase2.TestCoding" name="test_leaderboard" time="0.220" /><testcase classname="backend.tests.test_phase2.TestEmailPlaceholder" name="test_register_logs_placeholder_welcome" time="0.926" /><testcase classname="backend.tests.test_phase2.TestEmailPlaceholder" name="test_enroll_triggers_email_no_error" time="0.217" /><testcase classname="backend.tests.test_phase2.TestSocketIO" name="test_invalid_token_refused" time="0.310" /><testcase classname="backend.tests.test_phase2.TestSocketIO" name="test_send_message_realtime_delivery" time="1.735" /><testcase classname="backend.tests.test_phase2.TestSocketIO" name="test_typing_event_forwarded" time="10.451"><failure message="socketio.exceptions.ConnectionError: One or more namespaces failed to connect:">backend/tests/test_phase2.py:339: in test_typing_event_forwarded
    c_train.connect(BASE_URL, socketio_path="/api/socket.io", auth={"token": t_token}, transports=["websocket"], wait_timeout=10)
/root/.venv/lib/python3.11/site-packages/socketio/client.py:171: in connect
    raise exceptions.ConnectionError(
E   socketio.exceptions.ConnectionError: One or more namespaces failed to connect:</failure></testcase><testcase classname="backend.tests.test_phase3.TestCoding" name="test_languages_local_only" time="0.148" /><testcase classname="backend.tests.test_phase3.TestCoding" name="test_probe_piston_disabled" time="0.150" /><testcase classname="backend.tests.test_phase3.TestCoding" name="test_run_python_regression" time="0.487" /><testcase classname="backend.tests.test_phase3.TestCoding" name="test_run_java_returns_400" time="0.435" /><testcase classname="backend.tests.test_phase3.TestForum" name="test_list_threads_sorted_pinned_first" time="1.114"><failure message="AssertionError: assert (True and 1 &gt;= 4)&#10; +  where True = isinstance([{'author_id': '2ff2137d-4399-4451-8e59-7209e6ea4a66', 'author_name': 'Admin Root', 'category': 'General', 'content': 'hi', ...}], list)&#10; +  and   1 = len([{'author_id': '2ff2137d-4399-4451-8e59-7209e6ea4a66', 'author_name': 'Admin Root', 'category': 'General', 'content': 'hi', ...}])">backend/tests/test_phase3.py:77: in test_list_threads_sorted_pinned_first
    assert isinstance(threads, list) and len(threads) &gt;= 4
E   AssertionError: assert (True and 1 &gt;= 4)
E    +  where True = isinstance([{'author_id': '2ff2137d-4399-4451-8e59-7209e6ea4a66', 'author_name': 'Admin Root', 'category': 'General', 'content': 'hi', ...}], list)
E    +  and   1 = len([{'author_id': '2ff2137d-4399-4451-8e59-7209e6ea4a66', 'author_name': 'Admin Root', 'category': 'General', 'content': 'hi', ...}])</failure></testcase><testcase classname="backend.tests.test_phase3.TestForum" name="test_create_thread_student" time="0.146" /><testcase classname="backend.tests.test_phase3.TestForum" name="test_filter_category_qa" time="0.115" /><testcase classname="backend.tests.test_phase3.TestForum" name="test_filter_q_search" time="0.104" /><testcase classname="backend.tests.test_phase3.TestForum" name="test_sort_top" time="0.109"><failure message="TypeError: '&lt;' not supported between instances of 'int' and 'list'">backend/tests/test_phase3.py:111: in test_sort_top
    assert ups == sorted(ups, reverse=True)
                  ^^^^^^^^^^^^^^^^^^^^^^^^^
E   TypeError: '&lt;' not supported between instances of 'int' and 'list'</failure></testcase><testcase classname="backend.tests.test_phase3.TestForum" name="test_sort_unanswered" time="0.130" /><testcase classname="backend.tests.test_phase3.TestForum" name="test_vote_toggle" time="0.241" /><testcase classname="backend.tests.test_phase3.TestForum" name="test_add_reply_increments_count" time="0.334" /><testcase classname="backend.tests.test_phase3.TestForum" name="test_reply_on_locked_thread_403" time="0.340" /><testcase classname="backend.tests.test_phase3.TestForum" name="test_accept_reply_only_author_or_admin" time="0.368" /><testcase classname="backend.tests.test_phase3.TestForum" name="test_pin_admin_only" time="0.408" /><testcase classname="backend.tests.test_phase3.TestForum" name="test_delete_thread_author_or_admin" time="0.561" /><testcase classname="backend.tests.test_phase3.TestAIQuiz" name="test_student_forbidden" time="0.935" /><testcase classname="backend.tests.test_phase3.TestAIQuiz" name="test_missing_inputs_400" time="0.104" /><testcase classname="backend.tests.test_phase3.TestAIQuiz" name="test_generate_with_course" time="4.398" /><testcase classname="backend.tests.test_phase3.TestAIQuiz" name="test_generate_with_source_text" time="2.584" /><testcase classname="backend.tests.test_phase5.TestRegisterWelcomeEmail" name="test_register_does_not_500_when_resend_unverified" time="0.331" /><testcase classname="backend.tests.test_phase5.TestGamification" name="test_me_shape" time="0.440" /><testcase classname="backend.tests.test_phase5.TestGamification" name="test_daily_login_idempotent" time="0.231" /><testcase classname="backend.tests.test_phase5.TestGamification" name="test_leaderboard_public" time="0.108" /><testcase classname="backend.tests.test_phase5.TestGamification" name="test_enroll_awards_first_steps" time="0.365" /><testcase classname="backend.tests.test_phase5.TestMockInterview" name="test_start_interview" time="2.771" /><testcase classname="backend.tests.test_phase5.TestMockInterview" name="test_answer_one_turn" time="1.734" /><testcase classname="backend.tests.test_phase5.TestMockInterview" name="test_history" time="0.143" /><testcase classname="backend.tests.test_phase5.TestResumeParser" name="test_parse_resume" time="8.410" /><testcase classname="backend.tests.test_phase5.TestSuperAdmin" name="test_wrong_secret_returns_404" time="0.147" /><testcase classname="backend.tests.test_phase5.TestSuperAdmin" name="test_success_returns_token" time="0.113"><failure message="AssertionError: {&quot;detail&quot;:&quot;Not found&quot;}&#10;assert 404 == 200&#10; +  where 404 = &lt;Response [404]&gt;.status_code">backend/tests/test_phase5.py:193: in test_success_returns_token
    assert r.status_code == 200, r.text
E   AssertionError: {"detail":"Not found"}
E   assert 404 == 200
E    +  where 404 = &lt;Response [404]&gt;.status_code</failure></testcase><testcase classname="backend.tests.test_phase5.TestSuperAdmin" name="test_not_in_users_collection" time="0.000"><skipped type="pytest.skip" message="Mongo env not available">/app/backend/tests/test_phase5.py:200: Mongo env not available</skipped></testcase><testcase classname="backend.tests.test_referrals.TestReferralsMe" name="test_requires_auth" time="0.109" /><testcase classname="backend.tests.test_referrals.TestReferralsMe" name="test_shape_for_student" time="0.481" /><testcase classname="backend.tests.test_referrals.TestReferralsMe" name="test_code_matches_user_id_prefix" time="0.445" /><testcase classname="backend.tests.test_referrals.TestValidate" name="test_valid_code" time="0.121" /><testcase classname="backend.tests.test_referrals.TestValidate" name="test_invalid_code" time="0.111" /><testcase classname="backend.tests.test_referrals.TestValidate" name="test_lowercase_input_normalised" time="0.130" /><testcase classname="backend.tests.test_referrals.TestLeaderboard" name="test_public_no_auth" time="0.109" /><testcase classname="backend.tests.test_referrals.TestRegisterReferral" name="test_register_with_valid_code_attaches_referral" time="0.569" /><testcase classname="backend.tests.test_referrals.TestRegisterReferral" name="test_register_with_invalid_code_still_succeeds" time="0.449" /><testcase classname="backend.tests.test_referrals.TestRegisterReferral" name="test_register_without_referral_code" time="0.472" /><testcase classname="backend.tests.test_referrals.TestRegisterReferral" name="test_self_referral_silently_noop" time="0.000" /><testcase classname="backend.tests.test_referrals.TestCheckoutDiscount" name="test_checkout_with_referral_deducts_10pct" time="0.835" /><testcase classname="backend.tests.test_referrals.TestCheckoutDiscount" name="test_checkout_without_referral_no_discount" time="0.811" /><testcase classname="backend.tests.test_referrals.TestRegressions" name="test_login_still_works" time="0.340" /><testcase classname="backend.tests.test_referrals.TestRegressions" name="test_courses_list" time="0.123" /><testcase classname="backend.tests.test_referrals.TestRegressions" name="test_jobs_list" time="0.117" /><testcase classname="backend.tests.test_referrals.TestRegressions" name="test_gamification_me" time="0.440" /></testsuite></testsuites>