<?xml version="1.0" encoding="utf-8"?><testsuites name="pytest tests"><testsuite name="pytest" errors="0" failures="0" skipped="0" tests="9" time="2.019" timestamp="2026-05-28T05:12:46.014943+00:00" hostname="agent-env-bdd4f6ce-cc0f-4792-bfc0-3701e0f5f35d"><testcase classname="backend.tests.backend_test.TestAuth" name="test_register_new_student" time="0.529" /><testcase classname="backend.tests.backend_test.TestAuth" name="test_register_invalid_role" time="0.099" /><testcase classname="backend.tests.backend_test.TestAuth" name="test_login_seeded_student" time="0.362" /><testcase classname="backend.tests.backend_test.TestAuth" name="test_login_bad" time="0.098" /><testcase classname="backend.tests.backend_test.TestAuth" name="test_me_requires_token" time="0.137" /><testcase classname="backend.tests.backend_test.TestAuth" name="test_me_with_token" time="0.165" /><testcase classname="backend.tests.backend_test.TestCourses" name="test_list_courses" time="0.134" /><testcase classname="backend.tests.backend_test.TestJobs" name="test_list_jobs" time="0.171" /><testcase classname="backend.tests.backend_test.TestJobs" name="test_job_detail" time="0.106" /></testsuite></testsuites>