<?xml version="1.0" encoding="utf-8"?><testsuites name="pytest tests"><testsuite name="pytest" errors="0" failures="0" skipped="0" tests="20" time="13.833" timestamp="2026-05-28T04:49:46.467667+00:00" hostname="agent-env-de51745a-1e4b-4ba7-8f8f-2a89ab27b8ec"><testcase classname="backend.tests.test_phase3.TestCoding" name="test_languages_local_only" time="0.176" /><testcase classname="backend.tests.test_phase3.TestCoding" name="test_probe_piston_disabled" time="0.116" /><testcase classname="backend.tests.test_phase3.TestCoding" name="test_run_python_regression" time="0.476" /><testcase classname="backend.tests.test_phase3.TestCoding" name="test_run_java_returns_400" time="0.446" /><testcase classname="backend.tests.test_phase3.TestForum" name="test_list_threads_sorted_pinned_first" time="1.082" /><testcase classname="backend.tests.test_phase3.TestForum" name="test_create_thread_student" time="0.101" /><testcase classname="backend.tests.test_phase3.TestForum" name="test_filter_category_qa" time="0.148" /><testcase classname="backend.tests.test_phase3.TestForum" name="test_filter_q_search" time="0.106" /><testcase classname="backend.tests.test_phase3.TestForum" name="test_sort_top" time="0.105" /><testcase classname="backend.tests.test_phase3.TestForum" name="test_sort_unanswered" time="0.118" /><testcase classname="backend.tests.test_phase3.TestForum" name="test_vote_toggle" time="0.198" /><testcase classname="backend.tests.test_phase3.TestForum" name="test_add_reply_increments_count" time="0.377" /><testcase classname="backend.tests.test_phase3.TestForum" name="test_reply_on_locked_thread_403" time="0.934" /><testcase classname="backend.tests.test_phase3.TestForum" name="test_accept_reply_only_author_or_admin" time="0.305" /><testcase classname="backend.tests.test_phase3.TestForum" name="test_pin_admin_only" time="0.309" /><testcase classname="backend.tests.test_phase3.TestForum" name="test_delete_thread_author_or_admin" time="0.434" /><testcase classname="backend.tests.test_phase3.TestAIQuiz" name="test_student_forbidden" time="0.866" /><testcase classname="backend.tests.test_phase3.TestAIQuiz" name="test_missing_inputs_400" time="0.098" /><testcase classname="backend.tests.test_phase3.TestAIQuiz" name="test_generate_with_course" time="4.713" /><testcase classname="backend.tests.test_phase3.TestAIQuiz" name="test_generate_with_source_text" time="2.631" /></testsuite></testsuites>