<?xml version="1.0" encoding="utf-8"?><testsuites name="pytest tests"><testsuite name="pytest" errors="0" failures="0" skipped="1" tests="12" time="11.221" timestamp="2026-05-28T05:45:43.796513+00:00" hostname="agent-env-bdd4f6ce-cc0f-4792-bfc0-3701e0f5f35d"><testcase classname="backend.tests.test_phase5.TestRegisterWelcomeEmail" name="test_register_does_not_500_when_resend_unverified" time="0.501" /><testcase classname="backend.tests.test_phase5.TestGamification" name="test_me_shape" time="0.469" /><testcase classname="backend.tests.test_phase5.TestGamification" name="test_daily_login_idempotent" time="0.256" /><testcase classname="backend.tests.test_phase5.TestGamification" name="test_leaderboard_public" time="0.099" /><testcase classname="backend.tests.test_phase5.TestGamification" name="test_enroll_awards_first_steps" time="0.396" /><testcase classname="backend.tests.test_phase5.TestMockInterview" name="test_start_interview" time="1.864" /><testcase classname="backend.tests.test_phase5.TestMockInterview" name="test_answer_one_turn" time="1.333" /><testcase classname="backend.tests.test_phase5.TestMockInterview" name="test_history" time="0.099" /><testcase classname="backend.tests.test_phase5.TestResumeParser" name="test_parse_resume" time="5.852" /><testcase classname="backend.tests.test_phase5.TestSuperAdmin" name="test_wrong_secret_returns_404" time="0.116" /><testcase classname="backend.tests.test_phase5.TestSuperAdmin" name="test_success_returns_token" time="0.093" /><testcase classname="backend.tests.test_phase5.TestSuperAdmin" name="test_not_in_users_collection" time="0.000"><skipped type="pytest.skip" message="Mongo env not available">/app/backend/tests/test_phase5.py:200: Mongo env not available</skipped></testcase></testsuite></testsuites>