<?xml version="1.0" encoding="utf-8"?><testsuites name="pytest tests"><testsuite name="pytest" errors="0" failures="0" skipped="0" tests="17" time="12.270" timestamp="2026-05-28T04:33:29.336827+00:00" hostname="agent-env-de51745a-1e4b-4ba7-8f8f-2a89ab27b8ec"><testcase classname="backend.tests.test_phase2.TestUploads" name="test_upload_document_then_download" time="1.143" /><testcase classname="backend.tests.test_phase2.TestUploads" name="test_upload_requires_auth" time="0.118" /><testcase classname="backend.tests.test_phase2.TestUploads" name="test_download_unknown_id_404" time="0.099" /><testcase classname="backend.tests.test_phase2.TestUploads" name="test_my_files_list" time="0.143" /><testcase classname="backend.tests.test_phase2.TestCoding" name="test_languages" time="0.117" /><testcase classname="backend.tests.test_phase2.TestCoding" name="test_run_python_hello" time="0.122" /><testcase classname="backend.tests.test_phase2.TestCoding" name="test_run_javascript_hello" time="0.178" /><testcase classname="backend.tests.test_phase2.TestCoding" name="test_run_timeout_does_not_hang" time="5.107" /><testcase classname="backend.tests.test_phase2.TestCoding" name="test_list_challenges_has_three_seeded" time="0.142" /><testcase classname="backend.tests.test_phase2.TestCoding" name="test_get_challenge_hides_expected_for_student" time="0.198" /><testcase classname="backend.tests.test_phase2.TestCoding" name="test_submit_fizzbuzz_python_solution" time="0.251" /><testcase classname="backend.tests.test_phase2.TestCoding" name="test_leaderboard" time="0.251" /><testcase classname="backend.tests.test_phase2.TestEmailPlaceholder" name="test_register_logs_placeholder_welcome" time="0.926" /><testcase classname="backend.tests.test_phase2.TestEmailPlaceholder" name="test_enroll_triggers_email_no_error" time="0.215" /><testcase classname="backend.tests.test_phase2.TestSocketIO" name="test_invalid_token_refused" time="0.307" /><testcase classname="backend.tests.test_phase2.TestSocketIO" name="test_send_message_realtime_delivery" time="1.693" /><testcase classname="backend.tests.test_phase2.TestSocketIO" name="test_typing_event_forwarded" time="1.171" /></testsuite></testsuites>