<?xml version="1.0" encoding="utf-8"?><testsuites name="pytest tests"><testsuite name="pytest" errors="0" failures="0" skipped="0" tests="41" time="8.260" timestamp="2026-05-28T04:05:27.778533+00:00" hostname="agent-env-de51745a-1e4b-4ba7-8f8f-2a89ab27b8ec"><testcase classname="backend.tests.backend_test.TestHealth" name="test_root" time="0.154" /><testcase classname="backend.tests.backend_test.TestHealth" name="test_health" time="0.103" /><testcase classname="backend.tests.backend_test.TestAuth" name="test_register_new_student" time="0.335" /><testcase classname="backend.tests.backend_test.TestAuth" name="test_register_invalid_role" time="0.101" /><testcase classname="backend.tests.backend_test.TestAuth" name="test_login_seeded_student" time="0.319" /><testcase classname="backend.tests.backend_test.TestAuth" name="test_login_bad" time="0.104" /><testcase classname="backend.tests.backend_test.TestAuth" name="test_me_requires_token" time="0.100" /><testcase classname="backend.tests.backend_test.TestAuth" name="test_me_with_token" time="0.120" /><testcase classname="backend.tests.backend_test.TestCourses" name="test_list_courses" time="0.100" /><testcase classname="backend.tests.backend_test.TestCourses" name="test_get_course_detail" time="0.135" /><testcase classname="backend.tests.backend_test.TestCourses" name="test_student_cannot_create_course" time="0.097" /><testcase classname="backend.tests.backend_test.TestCourses" name="test_trainer_can_create_course" time="0.421" /><testcase classname="backend.tests.backend_test.TestCourses" name="test_enroll_course" time="0.103" /><testcase classname="backend.tests.backend_test.TestCourses" name="test_my_enrolled" time="0.105" /><testcase classname="backend.tests.backend_test.TestCourses" name="test_list_reviews" time="0.113" /><testcase classname="backend.tests.backend_test.TestQuizzes" name="test_list_quizzes" time="0.097" /><testcase classname="backend.tests.backend_test.TestQuizzes" name="test_quiz_detail_hides_correct_index" time="0.118" /><testcase classname="backend.tests.backend_test.TestJobs" name="test_list_jobs" time="0.104" /><testcase classname="backend.tests.backend_test.TestJobs" name="test_job_filters" time="0.114" /><testcase classname="backend.tests.backend_test.TestJobs" name="test_job_detail" time="0.106" /><testcase classname="backend.tests.backend_test.TestJobs" name="test_recruiter_can_post_job" time="0.433" /><testcase classname="backend.tests.backend_test.TestJobs" name="test_student_cannot_post_job" time="0.106" /><testcase classname="backend.tests.backend_test.TestJobs" name="test_apply_to_job" time="0.108" /><testcase classname="backend.tests.backend_test.TestJobs" name="test_my_applications" time="0.126" /><testcase classname="backend.tests.backend_test.TestAI" name="test_ai_chat_doubt" time="1.962" /><testcase classname="backend.tests.backend_test.TestAI" name="test_ai_sessions" time="0.130" /><testcase classname="backend.tests.backend_test.TestChat" name="test_conversations_list" time="0.108" /><testcase classname="backend.tests.backend_test.TestNotifications" name="test_list" time="0.103" /><testcase classname="backend.tests.backend_test.TestNotifications" name="test_read_all" time="0.101" /><testcase classname="backend.tests.backend_test.TestPayments" name="test_packages" time="0.099" /><testcase classname="backend.tests.backend_test.TestPayments" name="test_checkout" time="0.625" /><testcase classname="backend.tests.backend_test.TestPayments" name="test_history" time="0.105" /><testcase classname="backend.tests.backend_test.TestAdmin" name="test_admin_users" time="0.426" /><testcase classname="backend.tests.backend_test.TestAdmin" name="test_admin_analytics" time="0.105" /><testcase classname="backend.tests.backend_test.TestAdmin" name="test_student_cannot_admin" time="0.117" /><testcase classname="backend.tests.backend_test.TestSuperAdmin" name="test_sa_login_wrong_secret_returns_404" time="0.104" /><testcase classname="backend.tests.backend_test.TestSuperAdmin" name="test_sa_login_wrong_password_returns_404" time="0.103" /><testcase classname="backend.tests.backend_test.TestSuperAdmin" name="test_sa_login_success" time="0.097" /><testcase classname="backend.tests.backend_test.TestSuperAdmin" name="test_sa_dashboard_with_headers" time="0.107" /><testcase classname="backend.tests.backend_test.TestSuperAdmin" name="test_sa_dashboard_missing_headers_404" time="0.104" /><testcase classname="backend.tests.backend_test.TestSuperAdmin" name="test_sa_not_in_users_collection" time="0.005" /></testsuite></testsuites>