<?xml version="1.0" encoding="utf-8"?><testsuites name="pytest tests"><testsuite name="pytest" errors="0" failures="0" skipped="0" tests="17" time="6.590" timestamp="2026-05-28T17:04:42.658894+00:00" hostname="agent-env-ee19c8a2-bd66-45d5-bbce-4888306ce9f9"><testcase classname="backend.tests.test_referrals.TestReferralsMe" name="test_requires_auth" time="0.208" /><testcase classname="backend.tests.test_referrals.TestReferralsMe" name="test_shape_for_student" time="0.574" /><testcase classname="backend.tests.test_referrals.TestReferralsMe" name="test_code_matches_user_id_prefix" time="0.491" /><testcase classname="backend.tests.test_referrals.TestValidate" name="test_valid_code" time="0.114" /><testcase classname="backend.tests.test_referrals.TestValidate" name="test_invalid_code" time="0.116" /><testcase classname="backend.tests.test_referrals.TestValidate" name="test_lowercase_input_normalised" time="0.164" /><testcase classname="backend.tests.test_referrals.TestLeaderboard" name="test_public_no_auth" time="0.127" /><testcase classname="backend.tests.test_referrals.TestRegisterReferral" name="test_register_with_valid_code_attaches_referral" time="0.576" /><testcase classname="backend.tests.test_referrals.TestRegisterReferral" name="test_register_with_invalid_code_still_succeeds" time="0.463" /><testcase classname="backend.tests.test_referrals.TestRegisterReferral" name="test_register_without_referral_code" time="0.451" /><testcase classname="backend.tests.test_referrals.TestRegisterReferral" name="test_self_referral_silently_noop" time="0.000" /><testcase classname="backend.tests.test_referrals.TestCheckoutDiscount" name="test_checkout_with_referral_deducts_10pct" time="1.329" /><testcase classname="backend.tests.test_referrals.TestCheckoutDiscount" name="test_checkout_without_referral_no_discount" time="0.792" /><testcase classname="backend.tests.test_referrals.TestRegressions" name="test_login_still_works" time="0.390" /><testcase classname="backend.tests.test_referrals.TestRegressions" name="test_courses_list" time="0.116" /><testcase classname="backend.tests.test_referrals.TestRegressions" name="test_jobs_list" time="0.110" /><testcase classname="backend.tests.test_referrals.TestRegressions" name="test_gamification_me" time="0.481" /></testsuite></testsuites>